c:\users\chamo\desktop\gameprogrammingproject\gameprogrammingproject\cpp\nativelib\nativelib\x64\debug\vc142.pdb
c:\users\chamo\desktop\gameprogrammingproject\gameprogrammingproject\cpp\nativelib\nativelib\x64\debug\vc142.idb
c:\users\chamo\desktop\gameprogrammingproject\gameprogrammingproject\cpp\nativelib\nativelib\x64\debug\timesystem.obj
c:\users\chamo\desktop\gameprogrammingproject\gameprogrammingproject\cpp\nativelib\nativelib\x64\debug\timerepository.obj
c:\users\chamo\desktop\gameprogrammingproject\gameprogrammingproject\cpp\nativelib\nativelib\x64\debug\gameworld.obj
c:\users\chamo\desktop\gameprogrammingproject\gameprogrammingproject\cpp\nativelib\nativelib\x64\debug\gametime.obj
c:\users\chamo\desktop\gameprogrammingproject\gameprogrammingproject\cpp\nativelib\nativelib\x64\debug\datesystem.obj
c:\users\chamo\desktop\gameprogrammingproject\gameprogrammingproject\cpp\nativelib\nativelib\x64\debug\testproperty.obj
c:\users\chamo\desktop\gameprogrammingproject\gameprogrammingproject\cpp\nativelib\nativelib\x64\debug\nativelib.obj
c:\users\chamo\desktop\gameprogrammingproject\gameprogrammingproject\cpp\nativelib\nativelib\x64\debug\testmanager.obj
c:\users\chamo\desktop\gameprogrammingproject\gameprogrammingproject\cpp\nativelib\nativelib\x64\debug\gamemanager.obj
c:\users\chamo\desktop\gameprogrammingproject\gameprogrammingproject\cpp\nativelib\nativelib\x64\debug\cameramanager.obj
c:\users\chamo\desktop\gameprogrammingproject\gameprogrammingproject\cpp\nativelib\nativelib\x64\debug\taskreserveinfo.obj
c:\users\chamo\desktop\gameprogrammingproject\gameprogrammingproject\cpp\nativelib\nativelib\x64\debug\jpspath.obj
c:\users\chamo\desktop\gameprogrammingproject\gameprogrammingproject\cpp\nativelib\nativelib\x64\debug\jpscollision.obj
c:\users\chamo\desktop\gameprogrammingproject\gameprogrammingproject\cpp\nativelib\nativelib\x64\debug\random.obj
c:\users\chamo\desktop\gameprogrammingproject\gameprogrammingproject\cpp\nativelib\x64\debug\nativelib.pdb
c:\users\chamo\desktop\gameprogrammingproject\gameprogrammingproject\cpp\nativelib\nativelib\x64\debug\nativelib.tlog\cl.command.1.tlog
c:\users\chamo\desktop\gameprogrammingproject\gameprogrammingproject\cpp\nativelib\nativelib\x64\debug\nativelib.tlog\cl.read.1.tlog
c:\users\chamo\desktop\gameprogrammingproject\gameprogrammingproject\cpp\nativelib\nativelib\x64\debug\nativelib.tlog\cl.write.1.tlog
c:\users\chamo\desktop\gameprogrammingproject\gameprogrammingproject\cpp\nativelib\nativelib\x64\debug\nativelib.tlog\link-cvtres.read.1.tlog
c:\users\chamo\desktop\gameprogrammingproject\gameprogrammingproject\cpp\nativelib\nativelib\x64\debug\nativelib.tlog\link-cvtres.write.1.tlog
c:\users\chamo\desktop\gameprogrammingproject\gameprogrammingproject\cpp\nativelib\nativelib\x64\debug\nativelib.tlog\link-rc.read.1.tlog
c:\users\chamo\desktop\gameprogrammingproject\gameprogrammingproject\cpp\nativelib\nativelib\x64\debug\nativelib.tlog\link-rc.write.1.tlog
c:\users\chamo\desktop\gameprogrammingproject\gameprogrammingproject\cpp\nativelib\nativelib\x64\debug\nativelib.tlog\link.command.1.tlog
c:\users\chamo\desktop\gameprogrammingproject\gameprogrammingproject\cpp\nativelib\nativelib\x64\debug\nativelib.tlog\link.read.1.tlog
c:\users\chamo\desktop\gameprogrammingproject\gameprogrammingproject\cpp\nativelib\nativelib\x64\debug\nativelib.tlog\link.write.1.tlog
